  26 lib/intelligence/synthetic/standards/resolver/__tests__/memoryCache.test.ts
  16 lib/intelligence/synthetic/libraries/construction/index.ts
  12 lib/intelligence/synthetic/libraries/prof-services/index.ts
  12 lib/intelligence/synthetic/industry/construction/index.ts
  12 lib/intelligence/synthetic/libraries/saas/index.ts
   6 lib/intelligence/synthetic/industry/prof-services/index.ts
   4 architecture-lane/k-v-cases/ps-1/contingent-fee-constraint-bypass.ts
   4 architecture-lane/k-v-cases/ps-1/over-time-3-criteria-fail.ts
   4 architecture-lane/k-v-cases/ps-1/multi-element-residual-abuse.ts
   4 architecture-lane/k-v-cases/ps-1/retainer-straight-line-no-series.ts
   3 lib/intelligence/synthetic/libraries/construction/asc606/unpriced-change-orders.ts
   3 lib/intelligence/synthetic/standards/resolver/memory/persistence-schema.ts
   3 lib/intelligence/synthetic/libraries/construction/asc606/claims.ts
   3 architecture-lane/k-v-cases/con-1/over-time-criteria-fail.ts
   3 architecture-lane/k-v-cases/con-1/retention-classification.ts
   3 tests/verticals/saas/saas-2.verify.test.ts
   3 architecture-lane/k-v-cases/con-1/jv-proportionate-lockout.ts
   3 lib/intelligence/synthetic/libraries/construction/asc606/change-orders.ts
   3 lib/intelligence/synthetic/libraries/construction/asc606/claim-vs-change-order.ts
   3 architecture-lane/k-v-cases/con-1/uninstalled-materials-gate.ts
   2 lib/intelligence/synthetic/libraries/saas/revenue/saas/mrr-reconciliation.ts
   2 lib/intelligence/synthetic/libraries/saas/revenue/saas/cohort-expansion.ts
   2 lib/intelligence/synthetic/libraries/saas/revenue/saas/nrr-retention.ts
   2 lib/intelligence/synthetic/panel-consumer/derivePanelDecisionContextPure.ts
   2 industry-profiles/saas/profile.ts
